                                                           The SAS System                         14:34 Monday, January 23, 2023   1

                                                       The GLIMMIX Procedure

                                                         Model Information

                                    Data Set                      WORK.TLC3_L                  
                                    Response Variable             lead                         
                                    Response Distribution         Gaussian                     
                                    Link Function                 Identity                     
                                    Variance Function             Default                      
                                    Variance Matrix Blocked By    id                           
                                    Estimation Technique          Restricted Maximum Likelihood
                                    Degrees of Freedom Method     Satterthwaite                


                                                      Class Level Information
 
                                                 Class    Levels    Values

                                                 id          100    not printed    
                                                 week          2    6 4            
                                                 trt           2    Active Placebo 


                                              Number of Observations Read         200
                                              Number of Observations Used         200


                                                             Dimensions

                                                 R-side Cov. Parameters           3
                                                 Columns in X                     4
                                                 Columns in Z per Subject         0
                                                 Subjects (Blocks in V)         100
                                                 Max Obs per Subject              2


                                                     Optimization Information

                                          Optimization Technique        Dual Quasi-Newton
                                          Parameters in Optimization    3                
                                          Lower Boundaries              2                
                                          Upper Boundaries              0                
                                          Fixed Effects                 Profiled         
                                          Starting From                 Data             


                                                          Iteration History
 
                                                                     Objective                         Max
                          Iteration    Restarts    Evaluations        Function          Change    Gradient

                                  0           0              4    1290.0570584       .            0.064964
                                  1           0              4    1290.0058676      0.05119082    0.030294
                                  2           0              3    1290.0007133      0.00515432    0.013337
                                  3           0              3    1289.9996659      0.00104736    0.004653
                                  4           0              2    1289.9995608      0.00010519    0.000058
                                  5           0              2    1289.9995607      0.00000002    1.743E-7
                                                           The SAS System                         14:34 Monday, January 23, 2023   2

                                                       The GLIMMIX Procedure

                                           Convergence criterion (GCONV=1E-8) satisfied.          


                                                           Fit Statistics

                                                -2 Res Log Likelihood        1290.00
                                                AIC  (smaller is better)     1296.00
                                                AICC (smaller is better)     1296.12
                                                BIC  (smaller is better)     1303.82
                                                CAIC (smaller is better)     1306.82
                                                HQIC (smaller is better)     1299.16
                                                Generalized Chi-Square        197.00
                                                Gener. Chi-Square / DF          1.00


                                                   Covariance Parameter Estimates
 
                                             Cov                               Standard
                                             Parm       Subject    Estimate       Error

                                             UN(1,1)    id          34.4917      5.2295
                                             UN(2,1)    id          10.2955      4.0831
                                             UN(2,2)    id          43.8522      6.7050


                                                    Solutions for Fixed Effects
 
                                                                Standard
                            Effect       trt        Estimate       Error       DF    t Value    Pr > |t|

                            Intercept                 0.7362      2.8781       97       0.26      0.7987
                            trt          Active      -4.9754      0.9976       97      -4.99      <.0001
                            trt          Placebo           0           .        .        .         .    
                            base                      0.8271     0.09974       97       8.29      <.0001


                                                  Type III Tests of Fixed Effects
 
                                                        Num      Den
                                          Effect         DF       DF    F Value    Pr > F

                                          trt             1       97      24.87    <.0001
                                          base            1       97      68.78    <.0001


                                                      trt Least Squares Means
 
                                        Standard
                 trt        Estimate       Error       DF    t Value    Pr > |t|     Alpha       Lower       Upper

                 Active      18.3149      0.7017       97      26.10      <.0001      0.05     16.9222     19.7075
                 Placebo     23.2902      0.7017       97      33.19      <.0001      0.05     21.8976     24.6829
                                                           The SAS System                         14:34 Monday, January 23, 2023   3

                                                       The GLIMMIX Procedure

                                               Differences of trt Least Squares Means
 
                                              Standard
            trt        _trt       Estimate       Error       DF    t Value    Pr > |t|     Alpha       Lower       Upper

            Active     Placebo     -4.9754      0.9976       97      -4.99      <.0001      0.05     -6.9554     -2.9953
