                                                           The SAS System                        17:13 Tuesday, January 24, 2023   1

                                                       The GLIMMIX Procedure

                                                         Model Information

                                    Data Set                      WORK.TLC3_L                  
                                    Response Variable             lead                         
                                    Response Distribution         Gaussian                     
                                    Link Function                 Identity                     
                                    Variance Function             Default                      
                                    Variance Matrix Blocked By    id                           
                                    Estimation Technique          Restricted Maximum Likelihood
                                    Degrees of Freedom Method     Satterthwaite                


                                                      Class Level Information
 
                                                Class     Levels    Values

                                                id           100    not printed    
                                                week           3    4 6 0          
                                                follow         2    1 0            
                                                trt            2    Active Placebo 


                                              Number of Observations Read         300
                                              Number of Observations Used         300


                                                             Dimensions

                                                 R-side Cov. Parameters           6
                                                 Columns in X                     9
                                                 Columns in Z per Subject         0
                                                 Subjects (Blocks in V)         100
                                                 Max Obs per Subject              3


                                                     Optimization Information

                                          Optimization Technique        Dual Quasi-Newton
                                          Parameters in Optimization    6                
                                          Lower Boundaries              3                
                                          Upper Boundaries              0                
                                          Fixed Effects                 Profiled         
                                          Starting From                 Data             


                                                          Iteration History
 
                                                                     Objective                         Max
                          Iteration    Restarts    Evaluations        Function          Change    Gradient

                                  0           0              4    1888.1125689       .             0.07041
                                  1           0              2    1888.0870974      0.02547156    0.084984
                                  2           0              2    1888.0473645      0.03973285    0.058269
                                  3           0              3    1888.0352972      0.01206735    0.034819
                                  4           0              3    1888.0290764      0.00622074    0.029632
                                                           The SAS System                        17:13 Tuesday, January 24, 2023   2

                                                       The GLIMMIX Procedure

                                                          Iteration History
 
                                                                     Objective                         Max
                          Iteration    Restarts    Evaluations        Function          Change    Gradient

                                  5           0              3    1888.0275989      0.00147755    0.014406
                                  6           0              2    1888.0257704      0.00182847    0.000494
                                  7           0              3    1888.0257677      0.00000277    0.000035

                                           Convergence criterion (GCONV=1E-8) satisfied.          


                                                           Fit Statistics

                                                -2 Res Log Likelihood        1888.03
                                                AIC  (smaller is better)     1900.03
                                                AICC (smaller is better)     1900.32
                                                BIC  (smaller is better)     1915.66
                                                CAIC (smaller is better)     1921.66
                                                HQIC (smaller is better)     1906.35
                                                Generalized Chi-Square        296.00
                                                Gener. Chi-Square / DF          1.00


                                                   Covariance Parameter Estimates
 
                                             Cov                               Standard
                                             Parm       Subject    Estimate       Error

                                             UN(1,1)    id          25.0214      3.5814
                                             UN(2,1)    id          19.3847      4.1067
                                             UN(2,2)    id          49.1920      7.2995
                                             UN(3,1)    id          22.5138      4.8333
                                             UN(3,2)    id          27.5844      6.3342
                                             UN(3,3)    id          63.7291      9.6780


                                                    Solutions for Fixed Effects
 
                                                                        Standard
                   Effect        trt        follow          Estimate       Error       DF    t Value    Pr > |t|

                   Intercept                                 28.0190      0.7050       98      39.74      <.0001
                   trt           Active                      -1.7633      0.9970       98      -1.77      0.0801
                   trt           Placebo                           0           .        .        .         .    
                   follow                              1     -4.1076      0.7050       98      -5.83      <.0001
                   follow                              0           0           .        .        .         .    
                   follow*trt    Active                1     -4.6705      0.9970       98      -4.68      <.0001
                   follow*trt    Placebo               1           0           .        .        .         .    
                   follow*trt    Active                0           0           .        .        .         .    
                   follow*trt    Placebo               0           0           .        .        .         .    


                                                           The SAS System                        17:13 Tuesday, January 24, 2023   3

                                                       The GLIMMIX Procedure

                                                  Type III Tests of Fixed Effects
 
                                                         Num      Den
                                          Effect          DF       DF    F Value    Pr > F

                                          trt              1       98      15.69    0.0001
                                          follow           1       98     167.05    <.0001
                                          follow*trt       1       98      21.95    <.0001


                                                  follow*trt Least Squares Means
 
                                                Standard
         trt        follow          Estimate       Error       DF    t Value    Pr > |t|     Alpha       Lower       Upper

         Active                1     17.4775      0.9067       98      19.28      <.0001      0.05     15.6781     19.2769
         Placebo               1     23.9114      0.9067       98      26.37      <.0001      0.05     22.1120     25.7107
         Active                0     26.2557      0.7050       98      37.24      <.0001      0.05     24.8566     27.6547
         Placebo               0     28.0190      0.7050       98      39.74      <.0001      0.05     26.6199     29.4180


                               Simple Effect Comparisons of follow*trt Least Squares Means By follow
 
      Simple
      Effect                                        Standard
      Level       trt        _trt       Estimate       Error       DF    t Value    Pr > |t|     Alpha       Lower       Upper

      follow 1    Active     Placebo     -6.4339      1.2823       98      -5.02      <.0001      0.05     -8.9786     -3.8892
      follow 0    Active     Placebo     -1.7633      0.9970       98      -1.77      0.0801      0.05     -3.7419      0.2153
